After 0.74s, these clients are still here:
		remaining client pid: 246 (/System/Library/PrivateFrameworks/MapsSuggestions.framework/destinationd/47A5EA45-FD3E-3D76-AFC0-E1B7EF730B14)
		remaining client pid: 234 (/usr/sbin/filecoordinationd/11F24267-76F1-326E-BC23-F51D9728C5FA)
		remaining client pid: 217 (/System/Library/PrivateFrameworks/UsageTracking.framework/UsageTrackingAgent/2F634DFB-2970-3377-838D-395BE5200ECE)
		remaining client pid: 178 (/usr/libexec/duetexpertd/07382C2A-6D3C-388F-8B6C-00F985D5A92A)
		remaining client pid: 171 (/System/Library/PrivateFrameworks/CoreParsec.framework/parsec-fbf/DA05B0C1-D7F4-3A4D-A1AA-6507FC9CDE6B)
		remaining client pid: 144 (/System/Library/PrivateFrameworks/iTunesCloud.framework/Support/itunescloudd/A2CE91E8-7CF9-3E26-AD0B-C8E823ABEFEA)
		remaining client pid: 50 (/usr/sbin/wifid/78081F8C-E4D9-3E1A-A3B6-F64518EF6AFB)
		remaining client pid: 69 (/usr/libexec/locationd/62FFA7AD-E2CF-32A3-BE65-87B7A01A3F43)
		remaining client pid: 82 (/System/Library/PrivateFrameworks/MapsSupport.framework/navd/54B631AB-2977-3044-A934-4566BE0EA823)
		remaining client pid: 101 (/System/Library/PrivateFrameworks/InstallCoordination.framework/Support/installcoordinationd/AF975CE7-7AC7-35C6-B714-FF372AD48FFD)
		remaining client pid: 109 (/System/Library/PrivateFrameworks/VoiceShortcuts.framework/siriactionsd/5EA5DFFE-8189-3642-97A9-EDF7A682A683)
		remaining client pid: 115 (/System/Library/PrivateFrameworks/AuthKit.framework/akd/7E7CEA13-B534-3A11-8042-45C1A5CC9EA9)
		remaining client pid: 87 (/usr/sbin/bluetoothd/C9D0222A-D081-3838-8E1B-FA5A21F9EA81)
		remaining client pid: 91 (/System/Library/Frameworks/CoreTelephony.framework/Support/CommCenter/F82A664D-9C73-39CA-B091-1F06182FD385)
		remaining client pid: 70 (/usr/libexec/cloudpaird/B3F45BEB-2A0C-3881-BD2E-246ED2F9A993)
		remaining client pid: 0 (/kernel/5EF5A368-7AA8-374D-8BF1-CD37BCC361F4)
After 1.24s, these clients are still here:
		remaining client pid: 246 (/System/Library/PrivateFrameworks/MapsSuggestions.framework/destinationd/47A5EA45-FD3E-3D76-AFC0-E1B7EF730B14)
		remaining client pid: 234 (/usr/sbin/filecoordinationd/11F24267-76F1-326E-BC23-F51D9728C5FA)
		remaining client pid: 217 (/System/Library/PrivateFrameworks/UsageTracking.framework/UsageTrackingAgent/2F634DFB-2970-3377-838D-395BE5200ECE)
		remaining client pid: 178 (/usr/libexec/duetexpertd/07382C2A-6D3C-388F-8B6C-00F985D5A92A)
		remaining client pid: 171 (/System/Library/PrivateFrameworks/CoreParsec.framework/parsec-fbf/DA05B0C1-D7F4-3A4D-A1AA-6507FC9CDE6B)
		remaining client pid: 144 (/System/Library/PrivateFrameworks/iTunesCloud.framework/Support/itunescloudd/A2CE91E8-7CF9-3E26-AD0B-C8E823ABEFEA)
		remaining client pid: 50 (/usr/sbin/wifid/78081F8C-E4D9-3E1A-A3B6-F64518EF6AFB)
		remaining client pid: 69 (/usr/libexec/locationd/62FFA7AD-E2CF-32A3-BE65-87B7A01A3F43)
		remaining client pid: 82 (/System/Library/PrivateFrameworks/MapsSupport.framework/navd/54B631AB-2977-3044-A934-4566BE0EA823)
		remaining client pid: 101 (/System/Library/PrivateFrameworks/InstallCoordination.framework/Support/installcoordinationd/AF975CE7-7AC7-35C6-B714-FF372AD48FFD)
		remaining client pid: 115 (/System/Library/PrivateFrameworks/AuthKit.framework/akd/7E7CEA13-B534-3A11-8042-45C1A5CC9EA9)
		remaining client pid: 87 (/usr/sbin/bluetoothd/C9D0222A-D081-3838-8E1B-FA5A21F9EA81)
		remaining client pid: 91 (/System/Library/Frameworks/CoreTelephony.framework/Support/CommCenter/F82A664D-9C73-39CA-B091-1F06182FD385)
		remaining client pid: 70 (/usr/libexec/cloudpaird/B3F45BEB-2A0C-3881-BD2E-246ED2F9A993)
		remaining client pid: 0 (/kernel/5EF5A368-7AA8-374D-8BF1-CD37BCC361F4)
After 1.74s, these clients are still here:
		remaining client pid: 246 (/System/Library/PrivateFrameworks/MapsSuggestions.framework/destinationd/47A5EA45-FD3E-3D76-AFC0-E1B7EF730B14)
		remaining client pid: 234 (/usr/sbin/filecoordinationd/11F24267-76F1-326E-BC23-F51D9728C5FA)
		remaining client pid: 217 (/System/Library/PrivateFrameworks/UsageTracking.framework/UsageTrackingAgent/2F634DFB-2970-3377-838D-395BE5200ECE)
		remaining client pid: 178 (/usr/libexec/duetexpertd/07382C2A-6D3C-388F-8B6C-00F985D5A92A)
		remaining client pid: 171 (/System/Library/PrivateFrameworks/CoreParsec.framework/parsec-fbf/DA05B0C1-D7F4-3A4D-A1AA-6507FC9CDE6B)
		remaining client pid: 144 (/System/Library/PrivateFrameworks/iTunesCloud.framework/Support/itunescloudd/A2CE91E8-7CF9-3E26-AD0B-C8E823ABEFEA)
		remaining client pid: 82 (/System/Library/PrivateFrameworks/MapsSupport.framework/navd/54B631AB-2977-3044-A934-4566BE0EA823)
		remaining client pid: 101 (/System/Library/PrivateFrameworks/InstallCoordination.framework/Support/installcoordinationd/AF975CE7-7AC7-35C6-B714-FF372AD48FFD)
		remaining client pid: 115 (/System/Library/PrivateFrameworks/AuthKit.framework/akd/7E7CEA13-B534-3A11-8042-45C1A5CC9EA9)
		remaining client pid: 87 (/usr/sbin/bluetoothd/C9D0222A-D081-3838-8E1B-FA5A21F9EA81)
		remaining client pid: 91 (/System/Library/Frameworks/CoreTelephony.framework/Support/CommCenter/F82A664D-9C73-39CA-B091-1F06182FD385)
		remaining client pid: 70 (/usr/libexec/cloudpaird/B3F45BEB-2A0C-3881-BD2E-246ED2F9A993)
		remaining client pid: 0 (/kernel/5EF5A368-7AA8-374D-8BF1-CD37BCC361F4)
After 2.24s, these clients are still here:
		remaining client pid: 246 (/System/Library/PrivateFrameworks/MapsSuggestions.framework/destinationd/47A5EA45-FD3E-3D76-AFC0-E1B7EF730B14)
		remaining client pid: 234 (/usr/sbin/filecoordinationd/11F24267-76F1-326E-BC23-F51D9728C5FA)
		remaining client pid: 217 (/System/Library/PrivateFrameworks/UsageTracking.framework/UsageTrackingAgent/2F634DFB-2970-3377-838D-395BE5200ECE)
		remaining client pid: 178 (/usr/libexec/duetexpertd/07382C2A-6D3C-388F-8B6C-00F985D5A92A)
		remaining client pid: 171 (/System/Library/PrivateFrameworks/CoreParsec.framework/parsec-fbf/DA05B0C1-D7F4-3A4D-A1AA-6507FC9CDE6B)
		remaining client pid: 144 (/System/Library/PrivateFrameworks/iTunesCloud.framework/Support/itunescloudd/A2CE91E8-7CF9-3E26-AD0B-C8E823ABEFEA)
		remaining client pid: 82 (/System/Library/PrivateFrameworks/MapsSupport.framework/navd/54B631AB-2977-3044-A934-4566BE0EA823)
		remaining client pid: 101 (/System/Library/PrivateFrameworks/InstallCoordination.framework/Support/installcoordinationd/AF975CE7-7AC7-35C6-B714-FF372AD48FFD)
		remaining client pid: 115 (/System/Library/PrivateFrameworks/AuthKit.framework/akd/7E7CEA13-B534-3A11-8042-45C1A5CC9EA9)
		remaining client pid: 87 (/usr/sbin/bluetoothd/C9D0222A-D081-3838-8E1B-FA5A21F9EA81)
		remaining client pid: 91 (/System/Library/Frameworks/CoreTelephony.framework/Support/CommCenter/F82A664D-9C73-39CA-B091-1F06182FD385)
		remaining client pid: 70 (/usr/libexec/cloudpaird/B3F45BEB-2A0C-3881-BD2E-246ED2F9A993)
		remaining client pid: 0 (/kernel/5EF5A368-7AA8-374D-8BF1-CD37BCC361F4)
After 2.25s, these clients are still here:
		remaining client pid: 0 (/kernel/5EF5A368-7AA8-374D-8BF1-CD37BCC361F4)
SIGTERM: [1641508969] All buffers flushed
After 0.75s, these clients are still here:
		remaining client pid: 411 (/System/Library/PrivateFrameworks/SafariSafeBrowsing.framework/com.apple.Safari.SafeBrowsing.Service/1BC940E7-E289-3460-9078-D957007EA570)
		remaining client pid: 287 (/System/Library/PrivateFrameworks/UserActivity.framework/Agents/useractivityd/027B904D-C142-3D35-90B6-F57DFB60C790)
		remaining client pid: 268 (/usr/libexec/duetexpertd/07382C2A-6D3C-388F-8B6C-00F985D5A92A)
		remaining client pid: 209 (/System/Library/PrivateFrameworks/UsageTracking.framework/UsageTrackingAgent/2F634DFB-2970-3377-838D-395BE5200ECE)
		remaining client pid: 215 (/usr/libexec/installd/C8143447-7CBF-3F3B-A0BD-68FF7F5022D2)
		remaining client pid: 213 (/System/Library/PrivateFrameworks/iTunesCloud.framework/Support/itunescloudd/A2CE91E8-7CF9-3E26-AD0B-C8E823ABEFEA)
		remaining client pid: 189 (/System/Library/PrivateFrameworks/iTunesStore.framework/Support/itunesstored/2EF4C196-DF98-3FA9-ACA1-B3F5EA214646)
		remaining client pid: 174 (/System/Library/CoreServices/osanalyticshelper/53181A37-40E5-30C3-AD9F-B85C980212CE)
		remaining client pid: 158 (/System/Library/PrivateFrameworks/CoreParsec.framework/parsec-fbf/DA05B0C1-D7F4-3A4D-A1AA-6507FC9CDE6B)
		remaining client pid: 68 (/usr/libexec/locationd/62FFA7AD-E2CF-32A3-BE65-87B7A01A3F43)
		remaining client pid: 50 (/usr/sbin/wifid/78081F8C-E4D9-3E1A-A3B6-F64518EF6AFB)
		remaining client pid: 107 (/System/Library/PrivateFrameworks/InstallCoordination.framework/Support/installcoordinationd/AF975CE7-7AC7-35C6-B714-FF372AD48FFD)
		remaining client pid: 90 (/System/Library/Frameworks/CoreTelephony.framework/Support/CommCenter/F82A664D-9C73-39CA-B091-1F06182FD385)
		remaining client pid: 0 (/kernel/5EF5A368-7AA8-374D-8BF1-CD37BCC361F4)
After 1.25s, these clients are still here:
		remaining client pid: 411 (/System/Library/PrivateFrameworks/SafariSafeBrowsing.framework/com.apple.Safari.SafeBrowsing.Service/1BC940E7-E289-3460-9078-D957007EA570)
		remaining client pid: 287 (/System/Library/PrivateFrameworks/UserActivity.framework/Agents/useractivityd/027B904D-C142-3D35-90B6-F57DFB60C790)
		remaining client pid: 268 (/usr/libexec/duetexpertd/07382C2A-6D3C-388F-8B6C-00F985D5A92A)
		remaining client pid: 209 (/System/Library/PrivateFrameworks/UsageTracking.framework/UsageTrackingAgent/2F634DFB-2970-3377-838D-395BE5200ECE)
		remaining client pid: 213 (/System/Library/PrivateFrameworks/iTunesCloud.framework/Support/itunescloudd/A2CE91E8-7CF9-3E26-AD0B-C8E823ABEFEA)
		remaining client pid: 189 (/System/Library/PrivateFrameworks/iTunesStore.framework/Support/itunesstored/2EF4C196-DF98-3FA9-ACA1-B3F5EA214646)
		remaining client pid: 174 (/System/Library/CoreServices/osanalyticshelper/53181A37-40E5-30C3-AD9F-B85C980212CE)
		remaining client pid: 158 (/System/Library/PrivateFrameworks/CoreParsec.framework/parsec-fbf/DA05B0C1-D7F4-3A4D-A1AA-6507FC9CDE6B)
		remaining client pid: 68 (/usr/libexec/locationd/62FFA7AD-E2CF-32A3-BE65-87B7A01A3F43)
		remaining client pid: 50 (/usr/sbin/wifid/78081F8C-E4D9-3E1A-A3B6-F64518EF6AFB)
		remaining client pid: 107 (/System/Library/PrivateFrameworks/InstallCoordination.framework/Support/installcoordinationd/AF975CE7-7AC7-35C6-B714-FF372AD48FFD)
		remaining client pid: 90 (/System/Library/Frameworks/CoreTelephony.framework/Support/CommCenter/F82A664D-9C73-39CA-B091-1F06182FD385)
		remaining client pid: 0 (/kernel/5EF5A368-7AA8-374D-8BF1-CD37BCC361F4)
After 1.75s, these clients are still here:
		remaining client pid: 411 (/System/Library/PrivateFrameworks/SafariSafeBrowsing.framework/com.apple.Safari.SafeBrowsing.Service/1BC940E7-E289-3460-9078-D957007EA570)
		remaining client pid: 287 (/System/Library/PrivateFrameworks/UserActivity.framework/Agents/useractivityd/027B904D-C142-3D35-90B6-F57DFB60C790)
		remaining client pid: 268 (/usr/libexec/duetexpertd/07382C2A-6D3C-388F-8B6C-00F985D5A92A)
		remaining client pid: 209 (/System/Library/PrivateFrameworks/UsageTracking.framework/UsageTrackingAgent/2F634DFB-2970-3377-838D-395BE5200ECE)
		remaining client pid: 213 (/System/Library/PrivateFrameworks/iTunesCloud.framework/Support/itunescloudd/A2CE91E8-7CF9-3E26-AD0B-C8E823ABEFEA)
		remaining client pid: 189 (/System/Library/PrivateFrameworks/iTunesStore.framework/Support/itunesstored/2EF4C196-DF98-3FA9-ACA1-B3F5EA214646)
		remaining client pid: 174 (/System/Library/CoreServices/osanalyticshelper/53181A37-40E5-30C3-AD9F-B85C980212CE)
		remaining client pid: 158 (/System/Library/PrivateFrameworks/CoreParsec.framework/parsec-fbf/DA05B0C1-D7F4-3A4D-A1AA-6507FC9CDE6B)
		remaining client pid: 68 (/usr/libexec/locationd/62FFA7AD-E2CF-32A3-BE65-87B7A01A3F43)
		remaining client pid: 107 (/System/Library/PrivateFrameworks/InstallCoordination.framework/Support/installcoordinationd/AF975CE7-7AC7-35C6-B714-FF372AD48FFD)
		remaining client pid: 90 (/System/Library/Frameworks/CoreTelephony.framework/Support/CommCenter/F82A664D-9C73-39CA-B091-1F06182FD385)
		remaining client pid: 0 (/kernel/5EF5A368-7AA8-374D-8BF1-CD37BCC361F4)
After 2.25s, these clients are still here:
		remaining client pid: 411 (/System/Library/PrivateFrameworks/SafariSafeBrowsing.framework/com.apple.Safari.SafeBrowsing.Service/1BC940E7-E289-3460-9078-D957007EA570)
		remaining client pid: 287 (/System/Library/PrivateFrameworks/UserActivity.framework/Agents/useractivityd/027B904D-C142-3D35-90B6-F57DFB60C790)
		remaining client pid: 268 (/usr/libexec/duetexpertd/07382C2A-6D3C-388F-8B6C-00F985D5A92A)
		remaining client pid: 209 (/System/Library/PrivateFrameworks/UsageTracking.framework/UsageTrackingAgent/2F634DFB-2970-3377-838D-395BE5200ECE)
		remaining client pid: 213 (/System/Library/PrivateFrameworks/iTunesCloud.framework/Support/itunescloudd/A2CE91E8-7CF9-3E26-AD0B-C8E823ABEFEA)
		remaining client pid: 189 (/System/Library/PrivateFrameworks/iTunesStore.framework/Support/itunesstored/2EF4C196-DF98-3FA9-ACA1-B3F5EA214646)
		remaining client pid: 174 (/System/Library/CoreServices/osanalyticshelper/53181A37-40E5-30C3-AD9F-B85C980212CE)
		remaining client pid: 158 (/System/Library/PrivateFrameworks/CoreParsec.framework/parsec-fbf/DA05B0C1-D7F4-3A4D-A1AA-6507FC9CDE6B)
		remaining client pid: 68 (/usr/libexec/locationd/62FFA7AD-E2CF-32A3-BE65-87B7A01A3F43)
		remaining client pid: 107 (/System/Library/PrivateFrameworks/InstallCoordination.framework/Support/installcoordinationd/AF975CE7-7AC7-35C6-B714-FF372AD48FFD)
		remaining client pid: 90 (/System/Library/Frameworks/CoreTelephony.framework/Support/CommCenter/F82A664D-9C73-39CA-B091-1F06182FD385)
		remaining client pid: 0 (/kernel/5EF5A368-7AA8-374D-8BF1-CD37BCC361F4)
After 2.27s, these clients are still here:
		remaining client pid: 0 (/kernel/5EF5A368-7AA8-374D-8BF1-CD37BCC361F4)
SIGTERM: [1641835863] All buffers flushed
After 0.75s, these clients are still here:
		remaining client pid: 274 (/System/Library/PrivateFrameworks/SafariSafeBrowsing.framework/com.apple.Safari.SafeBrowsing.Service/1BC940E7-E289-3460-9078-D957007EA570)
		remaining client pid: 250 (/System/Library/PrivateFrameworks/AXAssetLoader.framework/Support/axassetsd/7D178B8B-64F4-3C62-8225-C3BE3A3C4B9D)
		remaining client pid: 150 (/System/Library/PrivateFrameworks/UsageTracking.framework/UsageTrackingAgent/2F634DFB-2970-3377-838D-395BE5200ECE)
		remaining client pid: 151 (/usr/libexec/duetexpertd/07382C2A-6D3C-388F-8B6C-00F985D5A92A)
		remaining client pid: 68 (/usr/libexec/locationd/62FFA7AD-E2CF-32A3-BE65-87B7A01A3F43)
		remaining client pid: 50 (/usr/sbin/wifid/78081F8C-E4D9-3E1A-A3B6-F64518EF6AFB)
		remaining client pid: 114 (/System/Library/PrivateFrameworks/VoiceShortcuts.framework/siriactionsd/5EA5DFFE-8189-3642-97A9-EDF7A682A683)
		remaining client pid: 86 (/usr/sbin/bluetoothd/C9D0222A-D081-3838-8E1B-FA5A21F9EA81)
		remaining client pid: 90 (/System/Library/Frameworks/CoreTelephony.framework/Support/CommCenter/F82A664D-9C73-39CA-B091-1F06182FD385)
		remaining client pid: 0 (/kernel/5EF5A368-7AA8-374D-8BF1-CD37BCC361F4)
SIGTERM: [1642033437] All buffers flushed
After 0.69s, these clients are still here:
		remaining client pid: 147 (/System/Library/PrivateFrameworks/UsageTracking.framework/UsageTrackingAgent/2F634DFB-2970-3377-838D-395BE5200ECE)
		remaining client pid: 148 (/usr/libexec/duetexpertd/07382C2A-6D3C-388F-8B6C-00F985D5A92A)
		remaining client pid: 68 (/usr/libexec/locationd/62FFA7AD-E2CF-32A3-BE65-87B7A01A3F43)
		remaining client pid: 50 (/usr/sbin/wifid/78081F8C-E4D9-3E1A-A3B6-F64518EF6AFB)
		remaining client pid: 110 (/System/Library/PrivateFrameworks/VoiceShortcuts.framework/siriactionsd/5EA5DFFE-8189-3642-97A9-EDF7A682A683)
		remaining client pid: 86 (/usr/sbin/bluetoothd/C9D0222A-D081-3838-8E1B-FA5A21F9EA81)
		remaining client pid: 90 (/System/Library/Frameworks/CoreTelephony.framework/Support/CommCenter/F82A664D-9C73-39CA-B091-1F06182FD385)
		remaining client pid: 0 (/kernel/5EF5A368-7AA8-374D-8BF1-CD37BCC361F4)
SIGTERM: [1642090182] All buffers flushed
After 1.48s, these clients are still here:
		remaining client pid: 1418 (/usr/libexec/duetexpertd/07382C2A-6D3C-388F-8B6C-00F985D5A92A)
		remaining client pid: 1342 (/System/Library/CoreServices/osanalyticshelper/53181A37-40E5-30C3-AD9F-B85C980212CE)
		remaining client pid: 953 (/usr/libexec/routined/2C3A2944-EFD2-3502-8F04-CB96F3E48291)
		remaining client pid: 291 (/System/Library/PrivateFrameworks/SafariSafeBrowsing.framework/com.apple.Safari.SafeBrowsing.Service/1BC940E7-E289-3460-9078-D957007EA570)
		remaining client pid: 238 (/System/Library/PrivateFrameworks/AXAssetLoader.framework/Support/axassetsd/7D178B8B-64F4-3C62-8225-C3BE3A3C4B9D)
		remaining client pid: 223 (/System/Library/PrivateFrameworks/UsageTracking.framework/UsageTrackingAgent/2F634DFB-2970-3377-838D-395BE5200ECE)
		remaining client pid: 196 (/System/Library/PrivateFrameworks/UserActivity.framework/Agents/useractivityd/027B904D-C142-3D35-90B6-F57DFB60C790)
		remaining client pid: 68 (/usr/libexec/locationd/62FFA7AD-E2CF-32A3-BE65-87B7A01A3F43)
		remaining client pid: 108 (/System/Library/PrivateFrameworks/VoiceShortcuts.framework/siriactionsd/5EA5DFFE-8189-3642-97A9-EDF7A682A683)
		remaining client pid: 117 (/usr/libexec/dasd/E80AC000-54C8-32A6-A6A6-0EF8719E310B)
		remaining client pid: 90 (/System/Library/Frameworks/CoreTelephony.framework/Support/CommCenter/F82A664D-9C73-39CA-B091-1F06182FD385)
		remaining client pid: 50 (/usr/sbin/wifid/78081F8C-E4D9-3E1A-A3B6-F64518EF6AFB)
		remaining client pid: 0 (/kernel/5EF5A368-7AA8-374D-8BF1-CD37BCC361F4)
After 1.98s, these clients are still here:
		remaining client pid: 1418 (/usr/libexec/duetexpertd/07382C2A-6D3C-388F-8B6C-00F985D5A92A)
		remaining client pid: 1342 (/System/Library/CoreServices/osanalyticshelper/53181A37-40E5-30C3-AD9F-B85C980212CE)
		remaining client pid: 953 (/usr/libexec/routined/2C3A2944-EFD2-3502-8F04-CB96F3E48291)
		remaining client pid: 291 (/System/Library/PrivateFrameworks/SafariSafeBrowsing.framework/com.apple.Safari.SafeBrowsing.Service/1BC940E7-E289-3460-9078-D957007EA570)
		remaining client pid: 238 (/System/Library/PrivateFrameworks/AXAssetLoader.framework/Support/axassetsd/7D178B8B-64F4-3C62-8225-C3BE3A3C4B9D)
		remaining client pid: 223 (/System/Library/PrivateFrameworks/UsageTracking.framework/UsageTrackingAgent/2F634DFB-2970-3377-838D-395BE5200ECE)
		remaining client pid: 196 (/System/Library/PrivateFrameworks/UserActivity.framework/Agents/useractivityd/027B904D-C142-3D35-90B6-F57DFB60C790)
		remaining client pid: 108 (/System/Library/PrivateFrameworks/VoiceShortcuts.framework/siriactionsd/5EA5DFFE-8189-3642-97A9-EDF7A682A683)
		remaining client pid: 90 (/System/Library/Frameworks/CoreTelephony.framework/Support/CommCenter/F82A664D-9C73-39CA-B091-1F06182FD385)
		remaining client pid: 0 (/kernel/5EF5A368-7AA8-374D-8BF1-CD37BCC361F4)
After 1.99s, these clients are still here:
		remaining client pid: 0 (/kernel/5EF5A368-7AA8-374D-8BF1-CD37BCC361F4)
SIGTERM: [1643185322] All buffers flushed
After 1.44s, these clients are still here:
		remaining client pid: 458 (/System/Library/PrivateFrameworks/SafariSafeBrowsing.framework/com.apple.Safari.SafeBrowsing.Service/1BC940E7-E289-3460-9078-D957007EA570)
		remaining client pid: 439 (/System/Library/PrivateFrameworks/WiFiPolicy.framework/XPCServices/ThreeBarsXPCService.xpc/ThreeBarsXPCService/F6475A6B-47DB-3739-A40D-77D8B3DFFAC4)
		remaining client pid: 222 (/System/Library/PrivateFrameworks/AXAssetLoader.framework/Support/axassetsd/7D178B8B-64F4-3C62-8225-C3BE3A3C4B9D)
		remaining client pid: 129 (/System/Library/PrivateFrameworks/UsageTracking.framework/UsageTrackingAgent/2F634DFB-2970-3377-838D-395BE5200ECE)
		remaining client pid: 31 (/System/Library/PrivateFrameworks/AssistantServices.framework/assistantd/B5B0DC6F-ECB1-356A-BC3D-E82B59DBB83B)
		remaining client pid: 177 (/usr/libexec/pipelined/C55A6E00-7EF9-3ED9-B2F3-DEE9AC85D28B)
		remaining client pid: 163 (/System/Library/PrivateFrameworks/InstallCoordination.framework/Support/installcoordinationd/AF975CE7-7AC7-35C6-B714-FF372AD48FFD)
		remaining client pid: 161 (/System/Library/PrivateFrameworks/iTunesStore.framework/Support/itunesstored/2EF4C196-DF98-3FA9-ACA1-B3F5EA214646)
		remaining client pid: 154 (/System/Library/CoreServices/osanalyticshelper/53181A37-40E5-30C3-AD9F-B85C980212CE)
		remaining client pid: 126 (/System/Library/PrivateFrameworks/VoiceShortcuts.framework/siriactionsd/5EA5DFFE-8189-3642-97A9-EDF7A682A683)
		remaining client pid: 122 (/System/Library/PrivateFrameworks/GeoServices.framework/geod/9CF9BE00-AFF6-369A-80AD-73F5956D6F9E)
		remaining client pid: 68 (/usr/libexec/locationd/62FFA7AD-E2CF-32A3-BE65-87B7A01A3F43)
		remaining client pid: 50 (/usr/sbin/wifid/78081F8C-E4D9-3E1A-A3B6-F64518EF6AFB)
		remaining client pid: 90 (/System/Library/Frameworks/CoreTelephony.framework/Support/CommCenter/F82A664D-9C73-39CA-B091-1F06182FD385)
		remaining client pid: 0 (/kernel/5EF5A368-7AA8-374D-8BF1-CD37BCC361F4)
After 1.94s, these clients are still here:
		remaining client pid: 458 (/System/Library/PrivateFrameworks/SafariSafeBrowsing.framework/com.apple.Safari.SafeBrowsing.Service/1BC940E7-E289-3460-9078-D957007EA570)
		remaining client pid: 439 (/System/Library/PrivateFrameworks/WiFiPolicy.framework/XPCServices/ThreeBarsXPCService.xpc/ThreeBarsXPCService/F6475A6B-47DB-3739-A40D-77D8B3DFFAC4)
		remaining client pid: 222 (/System/Library/PrivateFrameworks/AXAssetLoader.framework/Support/axassetsd/7D178B8B-64F4-3C62-8225-C3BE3A3C4B9D)
		remaining client pid: 129 (/System/Library/PrivateFrameworks/UsageTracking.framework/UsageTrackingAgent/2F634DFB-2970-3377-838D-395BE5200ECE)
		remaining client pid: 31 (/System/Library/PrivateFrameworks/AssistantServices.framework/assistantd/B5B0DC6F-ECB1-356A-BC3D-E82B59DBB83B)
		remaining client pid: 177 (/usr/libexec/pipelined/C55A6E00-7EF9-3ED9-B2F3-DEE9AC85D28B)
		remaining client pid: 163 (/System/Library/PrivateFrameworks/InstallCoordination.framework/Support/installcoordinationd/AF975CE7-7AC7-35C6-B714-FF372AD48FFD)
		remaining client pid: 161 (/System/Library/PrivateFrameworks/iTunesStore.framework/Support/itunesstored/2EF4C196-DF98-3FA9-ACA1-B3F5EA214646)
		remaining client pid: 154 (/System/Library/CoreServices/osanalyticshelper/53181A37-40E5-30C3-AD9F-B85C980212CE)
		remaining client pid: 126 (/System/Library/PrivateFrameworks/VoiceShortcuts.framework/siriactionsd/5EA5DFFE-8189-3642-97A9-EDF7A682A683)
		remaining client pid: 122 (/System/Library/PrivateFrameworks/GeoServices.framework/geod/9CF9BE00-AFF6-369A-80AD-73F5956D6F9E)
		remaining client pid: 90 (/System/Library/Frameworks/CoreTelephony.framework/Support/CommCenter/F82A664D-9C73-39CA-B091-1F06182FD385)
		remaining client pid: 0 (/kernel/5EF5A368-7AA8-374D-8BF1-CD37BCC361F4)
After 2.44s, these clients are still here:
		remaining client pid: 458 (/System/Library/PrivateFrameworks/SafariSafeBrowsing.framework/com.apple.Safari.SafeBrowsing.Service/1BC940E7-E289-3460-9078-D957007EA570)
		remaining client pid: 439 (/System/Library/PrivateFrameworks/WiFiPolicy.framework/XPCServices/ThreeBarsXPCService.xpc/ThreeBarsXPCService/F6475A6B-47DB-3739-A40D-77D8B3DFFAC4)
		remaining client pid: 222 (/System/Library/PrivateFrameworks/AXAssetLoader.framework/Support/axassetsd/7D178B8B-64F4-3C62-8225-C3BE3A3C4B9D)
		remaining client pid: 129 (/System/Library/PrivateFrameworks/UsageTracking.framework/UsageTrackingAgent/2F634DFB-2970-3377-838D-395BE5200ECE)
		remaining client pid: 31 (/System/Library/PrivateFrameworks/AssistantServices.framework/assistantd/B5B0DC6F-ECB1-356A-BC3D-E82B59DBB83B)
		remaining client pid: 177 (/usr/libexec/pipelined/C55A6E00-7EF9-3ED9-B2F3-DEE9AC85D28B)
		remaining client pid: 163 (/System/Library/PrivateFrameworks/InstallCoordination.framework/Support/installcoordinationd/AF975CE7-7AC7-35C6-B714-FF372AD48FFD)
		remaining client pid: 161 (/System/Library/PrivateFrameworks/iTunesStore.framework/Support/itunesstored/2EF4C196-DF98-3FA9-ACA1-B3F5EA214646)
		remaining client pid: 154 (/System/Library/CoreServices/osanalyticshelper/53181A37-40E5-30C3-AD9F-B85C980212CE)
		remaining client pid: 126 (/System/Library/PrivateFrameworks/VoiceShortcuts.framework/siriactionsd/5EA5DFFE-8189-3642-97A9-EDF7A682A683)
		remaining client pid: 122 (/System/Library/PrivateFrameworks/GeoServices.framework/geod/9CF9BE00-AFF6-369A-80AD-73F5956D6F9E)
		remaining client pid: 90 (/System/Library/Frameworks/CoreTelephony.framework/Support/CommCenter/F82A664D-9C73-39CA-B091-1F06182FD385)
		remaining client pid: 0 (/kernel/5EF5A368-7AA8-374D-8BF1-CD37BCC361F4)
After 2.45s, these clients are still here:
		remaining client pid: 0 (/kernel/5EF5A368-7AA8-374D-8BF1-CD37BCC361F4)
SIGTERM: [1643903171] All buffers flushed
After 1.01s, these clients are still here:
		remaining client pid: 370 (/System/Library/PrivateFrameworks/SafariSafeBrowsing.framework/com.apple.Safari.SafeBrowsing.Service/1BC940E7-E289-3460-9078-D957007EA570)
		remaining client pid: 246 (/System/Library/CoreServices/osanalyticshelper/53181A37-40E5-30C3-AD9F-B85C980212CE)
		remaining client pid: 218 (/System/Library/PrivateFrameworks/AXAssetLoader.framework/Support/axassetsd/7D178B8B-64F4-3C62-8225-C3BE3A3C4B9D)
		remaining client pid: 124 (/System/Library/PrivateFrameworks/UsageTracking.framework/UsageTrackingAgent/2F634DFB-2970-3377-838D-395BE5200ECE)
		remaining client pid: 184 (/usr/libexec/pipelined/C55A6E00-7EF9-3ED9-B2F3-DEE9AC85D28B)
		remaining client pid: 161 (/System/Library/PrivateFrameworks/InstallCoordination.framework/Support/installcoordinationd/AF975CE7-7AC7-35C6-B714-FF372AD48FFD)
		remaining client pid: 117 (/System/Library/PrivateFrameworks/VoiceShortcuts.framework/siriactionsd/5EA5DFFE-8189-3642-97A9-EDF7A682A683)
		remaining client pid: 68 (/usr/libexec/locationd/62FFA7AD-E2CF-32A3-BE65-87B7A01A3F43)
		remaining client pid: 50 (/usr/sbin/wifid/78081F8C-E4D9-3E1A-A3B6-F64518EF6AFB)
		remaining client pid: 90 (/System/Library/Frameworks/CoreTelephony.framework/Support/CommCenter/F82A664D-9C73-39CA-B091-1F06182FD385)
		remaining client pid: 95 (/System/Library/PrivateFrameworks/WirelessDiagnostics.framework/Support/awdd/20ABEEAA-1B2E-35E7-90EF-6943E339C0AE)
		remaining client pid: 0 (/kernel/5EF5A368-7AA8-374D-8BF1-CD37BCC361F4)
After 1.52s, these clients are still here:
		remaining client pid: 370 (/System/Library/PrivateFrameworks/SafariSafeBrowsing.framework/com.apple.Safari.SafeBrowsing.Service/1BC940E7-E289-3460-9078-D957007EA570)
		remaining client pid: 246 (/System/Library/CoreServices/osanalyticshelper/53181A37-40E5-30C3-AD9F-B85C980212CE)
		remaining client pid: 218 (/System/Library/PrivateFrameworks/AXAssetLoader.framework/Support/axassetsd/7D178B8B-64F4-3C62-8225-C3BE3A3C4B9D)
		remaining client pid: 124 (/System/Library/PrivateFrameworks/UsageTracking.framework/UsageTrackingAgent/2F634DFB-2970-3377-838D-395BE5200ECE)
		remaining client pid: 184 (/usr/libexec/pipelined/C55A6E00-7EF9-3ED9-B2F3-DEE9AC85D28B)
		remaining client pid: 161 (/System/Library/PrivateFrameworks/InstallCoordination.framework/Support/installcoordinationd/AF975CE7-7AC7-35C6-B714-FF372AD48FFD)
		remaining client pid: 117 (/System/Library/PrivateFrameworks/VoiceShortcuts.framework/siriactionsd/5EA5DFFE-8189-3642-97A9-EDF7A682A683)
		remaining client pid: 68 (/usr/libexec/locationd/62FFA7AD-E2CF-32A3-BE65-87B7A01A3F43)
		remaining client pid: 50 (/usr/sbin/wifid/78081F8C-E4D9-3E1A-A3B6-F64518EF6AFB)
		remaining client pid: 90 (/System/Library/Frameworks/CoreTelephony.framework/Support/CommCenter/F82A664D-9C73-39CA-B091-1F06182FD385)
		remaining client pid: 0 (/kernel/5EF5A368-7AA8-374D-8BF1-CD37BCC361F4)
After 2.02s, these clients are still here:
		remaining client pid: 370 (/System/Library/PrivateFrameworks/SafariSafeBrowsing.framework/com.apple.Safari.SafeBrowsing.Service/1BC940E7-E289-3460-9078-D957007EA570)
		remaining client pid: 246 (/System/Library/CoreServices/osanalyticshelper/53181A37-40E5-30C3-AD9F-B85C980212CE)
		remaining client pid: 218 (/System/Library/PrivateFrameworks/AXAssetLoader.framework/Support/axassetsd/7D178B8B-64F4-3C62-8225-C3BE3A3C4B9D)
		remaining client pid: 124 (/System/Library/PrivateFrameworks/UsageTracking.framework/UsageTrackingAgent/2F634DFB-2970-3377-838D-395BE5200ECE)
		remaining client pid: 184 (/usr/libexec/pipelined/C55A6E00-7EF9-3ED9-B2F3-DEE9AC85D28B)
		remaining client pid: 161 (/System/Library/PrivateFrameworks/InstallCoordination.framework/Support/installcoordinationd/AF975CE7-7AC7-35C6-B714-FF372AD48FFD)
		remaining client pid: 117 (/System/Library/PrivateFrameworks/VoiceShortcuts.framework/siriactionsd/5EA5DFFE-8189-3642-97A9-EDF7A682A683)
		remaining client pid: 90 (/System/Library/Frameworks/CoreTelephony.framework/Support/CommCenter/F82A664D-9C73-39CA-B091-1F06182FD385)
		remaining client pid: 0 (/kernel/5EF5A368-7AA8-374D-8BF1-CD37BCC361F4)
After 2.03s, these clients are still here:
		remaining client pid: 0 (/kernel/5EF5A368-7AA8-374D-8BF1-CD37BCC361F4)
SIGTERM: [1644659889] All buffers flushed
After 0.71s, these clients are still here:
		remaining client pid: 421 (/usr/bin/sysdiagnose/68694F67-3E0D-3C4F-9C56-26BC1338F18A)
		remaining client pid: 324 (/System/Library/PrivateFrameworks/SafariSafeBrowsing.framework/com.apple.Safari.SafeBrowsing.Service/1BC940E7-E289-3460-9078-D957007EA570)
		remaining client pid: 273 (/usr/libexec/duetexpertd/07382C2A-6D3C-388F-8B6C-00F985D5A92A)
		remaining client pid: 223 (/System/Library/PrivateFrameworks/AXAssetLoader.framework/Support/axassetsd/7D178B8B-64F4-3C62-8225-C3BE3A3C4B9D)
		remaining client pid: 128 (/System/Library/PrivateFrameworks/UsageTracking.framework/UsageTrackingAgent/2F634DFB-2970-3377-838D-395BE5200ECE)
		remaining client pid: 181 (/System/Library/PrivateFrameworks/HomeKitDaemon.framework/Support/homed/C290F189-1360-3673-9B15-4F84A1B798C5)
		remaining client pid: 173 (/System/Library/PrivateFrameworks/UserActivity.framework/Agents/useractivityd/027B904D-C142-3D35-90B6-F57DFB60C790)
		remaining client pid: 162 (/System/Library/PrivateFrameworks/InstallCoordination.framework/Support/installcoordinationd/AF975CE7-7AC7-35C6-B714-FF372AD48FFD)
		remaining client pid: 159 (/System/Library/CoreServices/osanalyticshelper/53181A37-40E5-30C3-AD9F-B85C980212CE)
		remaining client pid: 120 (/System/Library/PrivateFrameworks/VoiceShortcuts.framework/siriactionsd/5EA5DFFE-8189-3642-97A9-EDF7A682A683)
		remaining client pid: 68 (/usr/libexec/locationd/62FFA7AD-E2CF-32A3-BE65-87B7A01A3F43)
		remaining client pid: 101 (/System/Library/Frameworks/Accounts.framework/accountsd/C7359973-734A-32BC-AABC-9410717E660B)
		remaining client pid: 50 (/usr/sbin/wifid/78081F8C-E4D9-3E1A-A3B6-F64518EF6AFB)
		remaining client pid: 86 (/usr/sbin/bluetoothd/C9D0222A-D081-3838-8E1B-FA5A21F9EA81)
		remaining client pid: 90 (/System/Library/Frameworks/CoreTelephony.framework/Support/CommCenter/F82A664D-9C73-39CA-B091-1F06182FD385)
		remaining client pid: 74 (/usr/libexec/lockdownd/BB029C26-04B7-385D-A345-E1D57F58E26F)
		remaining client pid: 0 (/kernel/5EF5A368-7AA8-374D-8BF1-CD37BCC361F4)
After 1.21s, these clients are still here:
		remaining client pid: 421 (/usr/bin/sysdiagnose/68694F67-3E0D-3C4F-9C56-26BC1338F18A)
		remaining client pid: 324 (/System/Library/PrivateFrameworks/SafariSafeBrowsing.framework/com.apple.Safari.SafeBrowsing.Service/1BC940E7-E289-3460-9078-D957007EA570)
		remaining client pid: 273 (/usr/libexec/duetexpertd/07382C2A-6D3C-388F-8B6C-00F985D5A92A)
		remaining client pid: 223 (/System/Library/PrivateFrameworks/AXAssetLoader.framework/Support/axassetsd/7D178B8B-64F4-3C62-8225-C3BE3A3C4B9D)
		remaining client pid: 128 (/System/Library/PrivateFrameworks/UsageTracking.framework/UsageTrackingAgent/2F634DFB-2970-3377-838D-395BE5200ECE)
		remaining client pid: 181 (/System/Library/PrivateFrameworks/HomeKitDaemon.framework/Support/homed/C290F189-1360-3673-9B15-4F84A1B798C5)
		remaining client pid: 173 (/System/Library/PrivateFrameworks/UserActivity.framework/Agents/useractivityd/027B904D-C142-3D35-90B6-F57DFB60C790)
		remaining client pid: 162 (/System/Library/PrivateFrameworks/InstallCoordination.framework/Support/installcoordinationd/AF975CE7-7AC7-35C6-B714-FF372AD48FFD)
		remaining client pid: 159 (/System/Library/CoreServices/osanalyticshelper/53181A37-40E5-30C3-AD9F-B85C980212CE)
		remaining client pid: 120 (/System/Library/PrivateFrameworks/VoiceShortcuts.framework/siriactionsd/5EA5DFFE-8189-3642-97A9-EDF7A682A683)
		remaining client pid: 68 (/usr/libexec/locationd/62FFA7AD-E2CF-32A3-BE65-87B7A01A3F43)
		remaining client pid: 101 (/System/Library/Frameworks/Accounts.framework/accountsd/C7359973-734A-32BC-AABC-9410717E660B)
		remaining client pid: 86 (/usr/sbin/bluetoothd/C9D0222A-D081-3838-8E1B-FA5A21F9EA81)
		remaining client pid: 90 (/System/Library/Frameworks/CoreTelephony.framework/Support/CommCenter/F82A664D-9C73-39CA-B091-1F06182FD385)
		remaining client pid: 74 (/usr/libexec/lockdownd/BB029C26-04B7-385D-A345-E1D57F58E26F)
		remaining client pid: 0 (/kernel/5EF5A368-7AA8-374D-8BF1-CD37BCC361F4)
After 1.71s, these clients are still here:
		remaining client pid: 421 (/usr/bin/sysdiagnose/68694F67-3E0D-3C4F-9C56-26BC1338F18A)
		remaining client pid: 324 (/System/Library/PrivateFrameworks/SafariSafeBrowsing.framework/com.apple.Safari.SafeBrowsing.Service/1BC940E7-E289-3460-9078-D957007EA570)
		remaining client pid: 273 (/usr/libexec/duetexpertd/07382C2A-6D3C-388F-8B6C-00F985D5A92A)
		remaining client pid: 223 (/System/Library/PrivateFrameworks/AXAssetLoader.framework/Support/axassetsd/7D178B8B-64F4-3C62-8225-C3BE3A3C4B9D)
		remaining client pid: 128 (/System/Library/PrivateFrameworks/UsageTracking.framework/UsageTrackingAgent/2F634DFB-2970-3377-838D-395BE5200ECE)
		remaining client pid: 181 (/System/Library/PrivateFrameworks/HomeKitDaemon.framework/Support/homed/C290F189-1360-3673-9B15-4F84A1B798C5)
		remaining client pid: 173 (/System/Library/PrivateFrameworks/UserActivity.framework/Agents/useractivityd/027B904D-C142-3D35-90B6-F57DFB60C790)
		remaining client pid: 162 (/System/Library/PrivateFrameworks/InstallCoordination.framework/Support/installcoordinationd/AF975CE7-7AC7-35C6-B714-FF372AD48FFD)
		remaining client pid: 159 (/System/Library/CoreServices/osanalyticshelper/53181A37-40E5-30C3-AD9F-B85C980212CE)
		remaining client pid: 120 (/System/Library/PrivateFrameworks/VoiceShortcuts.framework/siriactionsd/5EA5DFFE-8189-3642-97A9-EDF7A682A683)
		remaining client pid: 86 (/usr/sbin/bluetoothd/C9D0222A-D081-3838-8E1B-FA5A21F9EA81)
		remaining client pid: 90 (/System/Library/Frameworks/CoreTelephony.framework/Support/CommCenter/F82A664D-9C73-39CA-B091-1F06182FD385)
		remaining client pid: 74 (/usr/libexec/lockdownd/BB029C26-04B7-385D-A345-E1D57F58E26F)
		remaining client pid: 0 (/kernel/5EF5A368-7AA8-374D-8BF1-CD37BCC361F4)
After 2.22s, these clients are still here:
		remaining client pid: 421 (/usr/bin/sysdiagnose/68694F67-3E0D-3C4F-9C56-26BC1338F18A)
		remaining client pid: 324 (/System/Library/PrivateFrameworks/SafariSafeBrowsing.framework/com.apple.Safari.SafeBrowsing.Service/1BC940E7-E289-3460-9078-D957007EA570)
		remaining client pid: 273 (/usr/libexec/duetexpertd/07382C2A-6D3C-388F-8B6C-00F985D5A92A)
		remaining client pid: 223 (/System/Library/PrivateFrameworks/AXAssetLoader.framework/Support/axassetsd/7D178B8B-64F4-3C62-8225-C3BE3A3C4B9D)
		remaining client pid: 128 (/System/Library/PrivateFrameworks/UsageTracking.framework/UsageTrackingAgent/2F634DFB-2970-3377-838D-395BE5200ECE)
		remaining client pid: 181 (/System/Library/PrivateFrameworks/HomeKitDaemon.framework/Support/homed/C290F189-1360-3673-9B15-4F84A1B798C5)
		remaining client pid: 173 (/System/Library/PrivateFrameworks/UserActivity.framework/Agents/useractivityd/027B904D-C142-3D35-90B6-F57DFB60C790)
		remaining client pid: 162 (/System/Library/PrivateFrameworks/InstallCoordination.framework/Support/installcoordinationd/AF975CE7-7AC7-35C6-B714-FF372AD48FFD)
		remaining client pid: 159 (/System/Library/CoreServices/osanalyticshelper/53181A37-40E5-30C3-AD9F-B85C980212CE)
		remaining client pid: 120 (/System/Library/PrivateFrameworks/VoiceShortcuts.framework/siriactionsd/5EA5DFFE-8189-3642-97A9-EDF7A682A683)
		remaining client pid: 86 (/usr/sbin/bluetoothd/C9D0222A-D081-3838-8E1B-FA5A21F9EA81)
		remaining client pid: 90 (/System/Library/Frameworks/CoreTelephony.framework/Support/CommCenter/F82A664D-9C73-39CA-B091-1F06182FD385)
		remaining client pid: 74 (/usr/libexec/lockdownd/BB029C26-04B7-385D-A345-E1D57F58E26F)
		remaining client pid: 0 (/kernel/5EF5A368-7AA8-374D-8BF1-CD37BCC361F4)
After 2.22s, these clients are still here:
		remaining client pid: 0 (/kernel/5EF5A368-7AA8-374D-8BF1-CD37BCC361F4)
SIGTERM: [1644861506] All buffers flushed
After 0.66s, these clients are still here:
		remaining client pid: 325 (/usr/bin/lsdiagnose/962E45DE-D623-33AC-91B3-3177F316BED9)
		remaining client pid: 307 (/usr/bin/sysdiagnose/68694F67-3E0D-3C4F-9C56-26BC1338F18A)
		remaining client pid: 297 (/System/Library/PrivateFrameworks/SafariSafeBrowsing.framework/com.apple.Safari.SafeBrowsing.Service/1BC940E7-E289-3460-9078-D957007EA570)
		remaining client pid: 290 (/System/Library/CoreServices/osanalyticshelper/53181A37-40E5-30C3-AD9F-B85C980212CE)
		remaining client pid: 276 (/System/Library/PrivateFrameworks/UsageTracking.framework/UsageTrackingAgent/2F634DFB-2970-3377-838D-395BE5200ECE)
		remaining client pid: 185 (/System/Library/PrivateFrameworks/VoiceShortcuts.framework/siriactionsd/5EA5DFFE-8189-3642-97A9-EDF7A682A683)
		remaining client pid: 154 (/System/Library/PrivateFrameworks/InstallCoordination.framework/Support/installcoordinationd/AF975CE7-7AC7-35C6-B714-FF372AD48FFD)
		remaining client pid: 124 (/usr/libexec/coreduetd/A9FA4746-83E0-39AA-B8D3-177C6EC6013E)
		remaining client pid: 68 (/usr/libexec/locationd/62FFA7AD-E2CF-32A3-BE65-87B7A01A3F43)
		remaining client pid: 86 (/usr/sbin/bluetoothd/C9D0222A-D081-3838-8E1B-FA5A21F9EA81)
		remaining client pid: 90 (/System/Library/Frameworks/CoreTelephony.framework/Support/CommCenter/F82A664D-9C73-39CA-B091-1F06182FD385)
		remaining client pid: 50 (/usr/sbin/wifid/78081F8C-E4D9-3E1A-A3B6-F64518EF6AFB)
		remaining client pid: 74 (/usr/libexec/lockdownd/BB029C26-04B7-385D-A345-E1D57F58E26F)
		remaining client pid: 0 (/kernel/5EF5A368-7AA8-374D-8BF1-CD37BCC361F4)
After 1.16s, these clients are still here:
		remaining client pid: 325 (/usr/bin/lsdiagnose/962E45DE-D623-33AC-91B3-3177F316BED9)
		remaining client pid: 307 (/usr/bin/sysdiagnose/68694F67-3E0D-3C4F-9C56-26BC1338F18A)
		remaining client pid: 297 (/System/Library/PrivateFrameworks/SafariSafeBrowsing.framework/com.apple.Safari.SafeBrowsing.Service/1BC940E7-E289-3460-9078-D957007EA570)
		remaining client pid: 290 (/System/Library/CoreServices/osanalyticshelper/53181A37-40E5-30C3-AD9F-B85C980212CE)
		remaining client pid: 276 (/System/Library/PrivateFrameworks/UsageTracking.framework/UsageTrackingAgent/2F634DFB-2970-3377-838D-395BE5200ECE)
		remaining client pid: 185 (/System/Library/PrivateFrameworks/VoiceShortcuts.framework/siriactionsd/5EA5DFFE-8189-3642-97A9-EDF7A682A683)
		remaining client pid: 154 (/System/Library/PrivateFrameworks/InstallCoordination.framework/Support/installcoordinationd/AF975CE7-7AC7-35C6-B714-FF372AD48FFD)
		remaining client pid: 124 (/usr/libexec/coreduetd/A9FA4746-83E0-39AA-B8D3-177C6EC6013E)
		remaining client pid: 68 (/usr/libexec/locationd/62FFA7AD-E2CF-32A3-BE65-87B7A01A3F43)
		remaining client pid: 86 (/usr/sbin/bluetoothd/C9D0222A-D081-3838-8E1B-FA5A21F9EA81)
		remaining client pid: 90 (/System/Library/Frameworks/CoreTelephony.framework/Support/CommCenter/F82A664D-9C73-39CA-B091-1F06182FD385)
		remaining client pid: 50 (/usr/sbin/wifid/78081F8C-E4D9-3E1A-A3B6-F64518EF6AFB)
		remaining client pid: 74 (/usr/libexec/lockdownd/BB029C26-04B7-385D-A345-E1D57F58E26F)
		remaining client pid: 0 (/kernel/5EF5A368-7AA8-374D-8BF1-CD37BCC361F4)
After 1.67s, these clients are still here:
		remaining client pid: 325 (/usr/bin/lsdiagnose/962E45DE-D623-33AC-91B3-3177F316BED9)
		remaining client pid: 307 (/usr/bin/sysdiagnose/68694F67-3E0D-3C4F-9C56-26BC1338F18A)
		remaining client pid: 297 (/System/Library/PrivateFrameworks/SafariSafeBrowsing.framework/com.apple.Safari.SafeBrowsing.Service/1BC940E7-E289-3460-9078-D957007EA570)
		remaining client pid: 290 (/System/Library/CoreServices/osanalyticshelper/53181A37-40E5-30C3-AD9F-B85C980212CE)
		remaining client pid: 276 (/System/Library/PrivateFrameworks/UsageTracking.framework/UsageTrackingAgent/2F634DFB-2970-3377-838D-395BE5200ECE)
		remaining client pid: 185 (/System/Library/PrivateFrameworks/VoiceShortcuts.framework/siriactionsd/5EA5DFFE-8189-3642-97A9-EDF7A682A683)
		remaining client pid: 154 (/System/Library/PrivateFrameworks/InstallCoordination.framework/Support/installcoordinationd/AF975CE7-7AC7-35C6-B714-FF372AD48FFD)
		remaining client pid: 124 (/usr/libexec/coreduetd/A9FA4746-83E0-39AA-B8D3-177C6EC6013E)
		remaining client pid: 86 (/usr/sbin/bluetoothd/C9D0222A-D081-3838-8E1B-FA5A21F9EA81)
		remaining client pid: 90 (/System/Library/Frameworks/CoreTelephony.framework/Support/CommCenter/F82A664D-9C73-39CA-B091-1F06182FD385)
		remaining client pid: 74 (/usr/libexec/lockdownd/BB029C26-04B7-385D-A345-E1D57F58E26F)
		remaining client pid: 0 (/kernel/5EF5A368-7AA8-374D-8BF1-CD37BCC361F4)
After 2.17s, these clients are still here:
		remaining client pid: 325 (/usr/bin/lsdiagnose/962E45DE-D623-33AC-91B3-3177F316BED9)
		remaining client pid: 307 (/usr/bin/sysdiagnose/68694F67-3E0D-3C4F-9C56-26BC1338F18A)
		remaining client pid: 297 (/System/Library/PrivateFrameworks/SafariSafeBrowsing.framework/com.apple.Safari.SafeBrowsing.Service/1BC940E7-E289-3460-9078-D957007EA570)
		remaining client pid: 290 (/System/Library/CoreServices/osanalyticshelper/53181A37-40E5-30C3-AD9F-B85C980212CE)
		remaining client pid: 276 (/System/Library/PrivateFrameworks/UsageTracking.framework/UsageTrackingAgent/2F634DFB-2970-3377-838D-395BE5200ECE)
		remaining client pid: 185 (/System/Library/PrivateFrameworks/VoiceShortcuts.framework/siriactionsd/5EA5DFFE-8189-3642-97A9-EDF7A682A683)
		remaining client pid: 154 (/System/Library/PrivateFrameworks/InstallCoordination.framework/Support/installcoordinationd/AF975CE7-7AC7-35C6-B714-FF372AD48FFD)
		remaining client pid: 124 (/usr/libexec/coreduetd/A9FA4746-83E0-39AA-B8D3-177C6EC6013E)
		remaining client pid: 86 (/usr/sbin/bluetoothd/C9D0222A-D081-3838-8E1B-FA5A21F9EA81)
		remaining client pid: 90 (/System/Library/Frameworks/CoreTelephony.framework/Support/CommCenter/F82A664D-9C73-39CA-B091-1F06182FD385)
		remaining client pid: 74 (/usr/libexec/lockdownd/BB029C26-04B7-385D-A345-E1D57F58E26F)
		remaining client pid: 0 (/kernel/5EF5A368-7AA8-374D-8BF1-CD37BCC361F4)
After 2.18s, these clients are still here:
		remaining client pid: 0 (/kernel/5EF5A368-7AA8-374D-8BF1-CD37BCC361F4)
SIGTERM: [1644861657] All buffers flushed
After 0.77s, these clients are still here:
		remaining client pid: 281 (/System/Library/PrivateFrameworks/SafariSafeBrowsing.framework/com.apple.Safari.SafeBrowsing.Service/1BC940E7-E289-3460-9078-D957007EA570)
		remaining client pid: 259 (/System/Library/PrivateFrameworks/UsageTracking.framework/UsageTrackingAgent/2F634DFB-2970-3377-838D-395BE5200ECE)
		remaining client pid: 238 (/usr/libexec/duetexpertd/07382C2A-6D3C-388F-8B6C-00F985D5A92A)
		remaining client pid: 189 (/System/Library/PrivateFrameworks/VoiceShortcuts.framework/siriactionsd/5EA5DFFE-8189-3642-97A9-EDF7A682A683)
		remaining client pid: 114 (/System/Library/Frameworks/AssetsLibrary.framework/Support/assetsd/FFFB402F-9A0E-3233-B0B8-656DC4BE564D)
		remaining client pid: 155 (/System/Library/PrivateFrameworks/InstallCoordination.framework/Support/installcoordinationd/AF975CE7-7AC7-35C6-B714-FF372AD48FFD)
		remaining client pid: 123 (/usr/libexec/coreduetd/A9FA4746-83E0-39AA-B8D3-177C6EC6013E)
		remaining client pid: 68 (/usr/libexec/locationd/62FFA7AD-E2CF-32A3-BE65-87B7A01A3F43)
		remaining client pid: 90 (/System/Library/Frameworks/CoreTelephony.framework/Support/CommCenter/F82A664D-9C73-39CA-B091-1F06182FD385)
		remaining client pid: 50 (/usr/sbin/wifid/78081F8C-E4D9-3E1A-A3B6-F64518EF6AFB)
		remaining client pid: 74 (/usr/libexec/lockdownd/BB029C26-04B7-385D-A345-E1D57F58E26F)
		remaining client pid: 0 (/kernel/5EF5A368-7AA8-374D-8BF1-CD37BCC361F4)
After 1.27s, these clients are still here:
		remaining client pid: 281 (/System/Library/PrivateFrameworks/SafariSafeBrowsing.framework/com.apple.Safari.SafeBrowsing.Service/1BC940E7-E289-3460-9078-D957007EA570)
		remaining client pid: 259 (/System/Library/PrivateFrameworks/UsageTracking.framework/UsageTrackingAgent/2F634DFB-2970-3377-838D-395BE5200ECE)
		remaining client pid: 238 (/usr/libexec/duetexpertd/07382C2A-6D3C-388F-8B6C-00F985D5A92A)
		remaining client pid: 189 (/System/Library/PrivateFrameworks/VoiceShortcuts.framework/siriactionsd/5EA5DFFE-8189-3642-97A9-EDF7A682A683)
		remaining client pid: 114 (/System/Library/Frameworks/AssetsLibrary.framework/Support/assetsd/FFFB402F-9A0E-3233-B0B8-656DC4BE564D)
		remaining client pid: 155 (/System/Library/PrivateFrameworks/InstallCoordination.framework/Support/installcoordinationd/AF975CE7-7AC7-35C6-B714-FF372AD48FFD)
		remaining client pid: 123 (/usr/libexec/coreduetd/A9FA4746-83E0-39AA-B8D3-177C6EC6013E)
		remaining client pid: 68 (/usr/libexec/locationd/62FFA7AD-E2CF-32A3-BE65-87B7A01A3F43)
		remaining client pid: 90 (/System/Library/Frameworks/CoreTelephony.framework/Support/CommCenter/F82A664D-9C73-39CA-B091-1F06182FD385)
		remaining client pid: 50 (/usr/sbin/wifid/78081F8C-E4D9-3E1A-A3B6-F64518EF6AFB)
		remaining client pid: 74 (/usr/libexec/lockdownd/BB029C26-04B7-385D-A345-E1D57F58E26F)
		remaining client pid: 0 (/kernel/5EF5A368-7AA8-374D-8BF1-CD37BCC361F4)
After 1.77s, these clients are still here:
		remaining client pid: 281 (/System/Library/PrivateFrameworks/SafariSafeBrowsing.framework/com.apple.Safari.SafeBrowsing.Service/1BC940E7-E289-3460-9078-D957007EA570)
		remaining client pid: 259 (/System/Library/PrivateFrameworks/UsageTracking.framework/UsageTrackingAgent/2F634DFB-2970-3377-838D-395BE5200ECE)
		remaining client pid: 238 (/usr/libexec/duetexpertd/07382C2A-6D3C-388F-8B6C-00F985D5A92A)
		remaining client pid: 189 (/System/Library/PrivateFrameworks/VoiceShortcuts.framework/siriactionsd/5EA5DFFE-8189-3642-97A9-EDF7A682A683)
		remaining client pid: 114 (/System/Library/Frameworks/AssetsLibrary.framework/Support/assetsd/FFFB402F-9A0E-3233-B0B8-656DC4BE564D)
		remaining client pid: 155 (/System/Library/PrivateFrameworks/InstallCoordination.framework/Support/installcoordinationd/AF975CE7-7AC7-35C6-B714-FF372AD48FFD)
		remaining client pid: 123 (/usr/libexec/coreduetd/A9FA4746-83E0-39AA-B8D3-177C6EC6013E)
		remaining client pid: 90 (/System/Library/Frameworks/CoreTelephony.framework/Support/CommCenter/F82A664D-9C73-39CA-B091-1F06182FD385)
		remaining client pid: 74 (/usr/libexec/lockdownd/BB029C26-04B7-385D-A345-E1D57F58E26F)
		remaining client pid: 0 (/kernel/5EF5A368-7AA8-374D-8BF1-CD37BCC361F4)
After 1.77s, these clients are still here:
		remaining client pid: 0 (/kernel/5EF5A368-7AA8-374D-8BF1-CD37BCC361F4)
SIGTERM: [1644862219] All buffers flushed
After 0.64s, these clients are still here:
		remaining client pid: 305 (/System/Library/PrivateFrameworks/SafariSafeBrowsing.framework/com.apple.Safari.SafeBrowsing.Service/1BC940E7-E289-3460-9078-D957007EA570)
		remaining client pid: 246 (/System/Library/PrivateFrameworks/UsageTracking.framework/UsageTrackingAgent/2F634DFB-2970-3377-838D-395BE5200ECE)
		remaining client pid: 236 (/usr/libexec/duetexpertd/07382C2A-6D3C-388F-8B6C-00F985D5A92A)
		remaining client pid: 181 (/System/Library/PrivateFrameworks/VoiceShortcuts.framework/siriactionsd/5EA5DFFE-8189-3642-97A9-EDF7A682A683)
		remaining client pid: 155 (/System/Library/PrivateFrameworks/InstallCoordination.framework/Support/installcoordinationd/AF975CE7-7AC7-35C6-B714-FF372AD48FFD)
		remaining client pid: 125 (/usr/libexec/coreduetd/A9FA4746-83E0-39AA-B8D3-177C6EC6013E)
		remaining client pid: 68 (/usr/libexec/locationd/62FFA7AD-E2CF-32A3-BE65-87B7A01A3F43)
		remaining client pid: 90 (/System/Library/Frameworks/CoreTelephony.framework/Support/CommCenter/F82A664D-9C73-39CA-B091-1F06182FD385)
		remaining client pid: 50 (/usr/sbin/wifid/78081F8C-E4D9-3E1A-A3B6-F64518EF6AFB)
		remaining client pid: 74 (/usr/libexec/lockdownd/BB029C26-04B7-385D-A345-E1D57F58E26F)
		remaining client pid: 0 (/kernel/5EF5A368-7AA8-374D-8BF1-CD37BCC361F4)
After 1.15s, these clients are still here:
		remaining client pid: 305 (/System/Library/PrivateFrameworks/SafariSafeBrowsing.framework/com.apple.Safari.SafeBrowsing.Service/1BC940E7-E289-3460-9078-D957007EA570)
		remaining client pid: 246 (/System/Library/PrivateFrameworks/UsageTracking.framework/UsageTrackingAgent/2F634DFB-2970-3377-838D-395BE5200ECE)
		remaining client pid: 236 (/usr/libexec/duetexpertd/07382C2A-6D3C-388F-8B6C-00F985D5A92A)
		remaining client pid: 181 (/System/Library/PrivateFrameworks/VoiceShortcuts.framework/siriactionsd/5EA5DFFE-8189-3642-97A9-EDF7A682A683)
		remaining client pid: 155 (/System/Library/PrivateFrameworks/InstallCoordination.framework/Support/installcoordinationd/AF975CE7-7AC7-35C6-B714-FF372AD48FFD)
		remaining client pid: 125 (/usr/libexec/coreduetd/A9FA4746-83E0-39AA-B8D3-177C6EC6013E)
		remaining client pid: 68 (/usr/libexec/locationd/62FFA7AD-E2CF-32A3-BE65-87B7A01A3F43)
		remaining client pid: 90 (/System/Library/Frameworks/CoreTelephony.framework/Support/CommCenter/F82A664D-9C73-39CA-B091-1F06182FD385)
		remaining client pid: 74 (/usr/libexec/lockdownd/BB029C26-04B7-385D-A345-E1D57F58E26F)
		remaining client pid: 0 (/kernel/5EF5A368-7AA8-374D-8BF1-CD37BCC361F4)
After 1.15s, these clients are still here:
		remaining client pid: 0 (/kernel/5EF5A368-7AA8-374D-8BF1-CD37BCC361F4)
SIGTERM: [1644862694] All buffers flushed
After 0.58s, these clients are still here:
		remaining client pid: 293 (/System/Library/CoreServices/osanalyticshelper/53181A37-40E5-30C3-AD9F-B85C980212CE)
		remaining client pid: 279 (/System/Library/PrivateFrameworks/SafariSafeBrowsing.framework/com.apple.Safari.SafeBrowsing.Service/1BC940E7-E289-3460-9078-D957007EA570)
		remaining client pid: 257 (/System/Library/PrivateFrameworks/UsageTracking.framework/UsageTrackingAgent/2F634DFB-2970-3377-838D-395BE5200ECE)
		remaining client pid: 236 (/usr/libexec/duetexpertd/07382C2A-6D3C-388F-8B6C-00F985D5A92A)
		remaining client pid: 188 (/System/Library/PrivateFrameworks/VoiceShortcuts.framework/siriactionsd/5EA5DFFE-8189-3642-97A9-EDF7A682A683)
		remaining client pid: 158 (/System/Library/PrivateFrameworks/InstallCoordination.framework/Support/installcoordinationd/AF975CE7-7AC7-35C6-B714-FF372AD48FFD)
		remaining client pid: 124 (/usr/libexec/coreduetd/A9FA4746-83E0-39AA-B8D3-177C6EC6013E)
		remaining client pid: 68 (/usr/libexec/locationd/62FFA7AD-E2CF-32A3-BE65-87B7A01A3F43)
		remaining client pid: 86 (/usr/sbin/bluetoothd/C9D0222A-D081-3838-8E1B-FA5A21F9EA81)
		remaining client pid: 50 (/usr/sbin/wifid/78081F8C-E4D9-3E1A-A3B6-F64518EF6AFB)
		remaining client pid: 90 (/System/Library/Frameworks/CoreTelephony.framework/Support/CommCenter/F82A664D-9C73-39CA-B091-1F06182FD385)
		remaining client pid: 74 (/usr/libexec/lockdownd/BB029C26-04B7-385D-A345-E1D57F58E26F)
		remaining client pid: 0 (/kernel/5EF5A368-7AA8-374D-8BF1-CD37BCC361F4)
After 1.08s, these clients are still here:
		remaining client pid: 293 (/System/Library/CoreServices/osanalyticshelper/53181A37-40E5-30C3-AD9F-B85C980212CE)
		remaining client pid: 279 (/System/Library/PrivateFrameworks/SafariSafeBrowsing.framework/com.apple.Safari.SafeBrowsing.Service/1BC940E7-E289-3460-9078-D957007EA570)
		remaining client pid: 257 (/System/Library/PrivateFrameworks/UsageTracking.framework/UsageTrackingAgent/2F634DFB-2970-3377-838D-395BE5200ECE)
		remaining client pid: 236 (/usr/libexec/duetexpertd/07382C2A-6D3C-388F-8B6C-00F985D5A92A)
		remaining client pid: 188 (/System/Library/PrivateFrameworks/VoiceShortcuts.framework/siriactionsd/5EA5DFFE-8189-3642-97A9-EDF7A682A683)
		remaining client pid: 158 (/System/Library/PrivateFrameworks/InstallCoordination.framework/Support/installcoordinationd/AF975CE7-7AC7-35C6-B714-FF372AD48FFD)
		remaining client pid: 124 (/usr/libexec/coreduetd/A9FA4746-83E0-39AA-B8D3-177C6EC6013E)
		remaining client pid: 68 (/usr/libexec/locationd/62FFA7AD-E2CF-32A3-BE65-87B7A01A3F43)
		remaining client pid: 86 (/usr/sbin/bluetoothd/C9D0222A-D081-3838-8E1B-FA5A21F9EA81)
		remaining client pid: 50 (/usr/sbin/wifid/78081F8C-E4D9-3E1A-A3B6-F64518EF6AFB)
		remaining client pid: 90 (/System/Library/Frameworks/CoreTelephony.framework/Support/CommCenter/F82A664D-9C73-39CA-B091-1F06182FD385)
		remaining client pid: 74 (/usr/libexec/lockdownd/BB029C26-04B7-385D-A345-E1D57F58E26F)
		remaining client pid: 0 (/kernel/5EF5A368-7AA8-374D-8BF1-CD37BCC361F4)
After 1.58s, these clients are still here:
		remaining client pid: 293 (/System/Library/CoreServices/osanalyticshelper/53181A37-40E5-30C3-AD9F-B85C980212CE)
		remaining client pid: 279 (/System/Library/PrivateFrameworks/SafariSafeBrowsing.framework/com.apple.Safari.SafeBrowsing.Service/1BC940E7-E289-3460-9078-D957007EA570)
		remaining client pid: 257 (/System/Library/PrivateFrameworks/UsageTracking.framework/UsageTrackingAgent/2F634DFB-2970-3377-838D-395BE5200ECE)
		remaining client pid: 236 (/usr/libexec/duetexpertd/07382C2A-6D3C-388F-8B6C-00F985D5A92A)
		remaining client pid: 188 (/System/Library/PrivateFrameworks/VoiceShortcuts.framework/siriactionsd/5EA5DFFE-8189-3642-97A9-EDF7A682A683)
		remaining client pid: 158 (/System/Library/PrivateFrameworks/InstallCoordination.framework/Support/installcoordinationd/AF975CE7-7AC7-35C6-B714-FF372AD48FFD)
		remaining client pid: 124 (/usr/libexec/coreduetd/A9FA4746-83E0-39AA-B8D3-177C6EC6013E)
		remaining client pid: 86 (/usr/sbin/bluetoothd/C9D0222A-D081-3838-8E1B-FA5A21F9EA81)
		remaining client pid: 90 (/System/Library/Frameworks/CoreTelephony.framework/Support/CommCenter/F82A664D-9C73-39CA-B091-1F06182FD385)
		remaining client pid: 74 (/usr/libexec/lockdownd/BB029C26-04B7-385D-A345-E1D57F58E26F)
		remaining client pid: 0 (/kernel/5EF5A368-7AA8-374D-8BF1-CD37BCC361F4)
After 2.08s, these clients are still here:
		remaining client pid: 293 (/System/Library/CoreServices/osanalyticshelper/53181A37-40E5-30C3-AD9F-B85C980212CE)
		remaining client pid: 279 (/System/Library/PrivateFrameworks/SafariSafeBrowsing.framework/com.apple.Safari.SafeBrowsing.Service/1BC940E7-E289-3460-9078-D957007EA570)
		remaining client pid: 257 (/System/Library/PrivateFrameworks/UsageTracking.framework/UsageTrackingAgent/2F634DFB-2970-3377-838D-395BE5200ECE)
		remaining client pid: 236 (/usr/libexec/duetexpertd/07382C2A-6D3C-388F-8B6C-00F985D5A92A)
		remaining client pid: 188 (/System/Library/PrivateFrameworks/VoiceShortcuts.framework/siriactionsd/5EA5DFFE-8189-3642-97A9-EDF7A682A683)
		remaining client pid: 158 (/System/Library/PrivateFrameworks/InstallCoordination.framework/Support/installcoordinationd/AF975CE7-7AC7-35C6-B714-FF372AD48FFD)
		remaining client pid: 124 (/usr/libexec/coreduetd/A9FA4746-83E0-39AA-B8D3-177C6EC6013E)
		remaining client pid: 86 (/usr/sbin/bluetoothd/C9D0222A-D081-3838-8E1B-FA5A21F9EA81)
		remaining client pid: 90 (/System/Library/Frameworks/CoreTelephony.framework/Support/CommCenter/F82A664D-9C73-39CA-B091-1F06182FD385)
		remaining client pid: 74 (/usr/libexec/lockdownd/BB029C26-04B7-385D-A345-E1D57F58E26F)
		remaining client pid: 0 (/kernel/5EF5A368-7AA8-374D-8BF1-CD37BCC361F4)
After 2.10s, these clients are still here:
		remaining client pid: 0 (/kernel/5EF5A368-7AA8-374D-8BF1-CD37BCC361F4)
SIGTERM: [1644862887] All buffers flushed
